Removed Pin From Net: NetName=NetD2_2 Pin=D1-2
Removed Pin From Net: NetName=NetC41_1 Pin=H_drive_pitch2-12
Removed Member From Class: ClassName=Sam4S Power Distribution_5 Member=C3
Removed Member From Class: ClassName=Sam4S Basic Board 5 Member=C6
Removed Member From Class: ClassName=Sam4S Power Distribution_5 Member=TP4
Added Component: Designator=D2(DIOM4227X23N)
Added Component: Designator=J1(JMP2.54-CO)
Added Pin To Net: NetName=NetC3_2 Pin=D1-2
Added Pin To Net: NetName=+5V Pin=D1-1
Added Pin To Net: NetName=NetD2_2 Pin=D1-2
Added Pin To Net: NetName=NetC41_1 Pin=J1-1
Added Pin To Net: NetName=NetC41_2 Pin=J1-2
Added Pin To Net: NetName=NetH_drive_pitch2_12 Pin=H_drive_pitch2-12
Added Pin To Net: NetName=NetH_drive_pitch2_12 Pin=J1-3
Added Net: Name=NetH_drive_pitch2_12
Added Member To Class: ClassName=Sam4S Basic Board 5 Member=Component C3 100nF
Added Member To Class: ClassName=Sam4S Power Distribution_5 Member=Component C5 10uF
Added Member To Class: ClassName=Sam4s Hdrive pitch Member=Component J1 100Mil Jumper
Added Member To Class: ClassName=Sam4S Basic Board 5 Member=Component TP7 TDI
Added Member To Class: ClassName=Sam4S Power Distribution_5 Member=Component TP8 Gnd
