Removed Pin From Net: NetName=GND Pin=Brake-4
Removed Pin From Net: NetName=GND Pin=C17-1
Removed Pin From Net: NetName=NetC17_2 Pin=C17-2
Removed Pin From Net: NetName=NetC2_2 Pin=Clock-1
Removed Pin From Net: NetName=NetC1_2 Pin=Clock-2
Removed Pin From Net: NetName=NetBrake_3 Pin=U1-15
Removed Pin From Net: NetName=NetBrake_2 Pin=U1-23
Removed Pin From Net: NetName=NetU1_16 Pin=Yaw Encoder-1
Removed Pin From Net: NetName=NetU1_13 Pin=Yaw Encoder-2
Removed Pin From Net: NetName=NetU1_10 Pin=Yaw Encoder-3
Removed Member From Class: ClassName=Sam4S Basic Board 5 Member=Clock
Added Component: Designator=C17(CAPC1608L)
Added Component: Designator=C17(CAPC1608L)
Added Component: Designator=Y1(6.0X3.5-4)
Added Pin To Net: NetName=GND Pin=C17-1
Added Pin To Net: NetName=NetC17_2 Pin=C17-2
Added Pin To Net: NetName=NetBrake_3 Pin=U1-14
Added Pin To Net: NetName=NetBrake_2 Pin=U1-15
Added Pin To Net: NetName=NetC2_2 Pin=Y1-1
Added Pin To Net: NetName=NetC1_2 Pin=Y1-3
Added Pin To Net: NetName=NetU1_10 Pin=Yaw Encoder-1
Added Pin To Net: NetName=NetU1_9 Pin=Yaw Encoder-2
Added Pin To Net: NetName=NetU1_16 Pin=Yaw motor control-1
Added Pin To Net: NetName=NetU1_13 Pin=Yaw motor control-2
Added Pin To Net: NetName=NetBrake_1 Pin=Brake-1
Added Pin To Net: NetName=NetBrake_1 Pin=U1-23
Added Net: Name=NetBrake_1
Added Pin To Net: NetName=NetBrake_4 Pin=Brake-4
Added Pin To Net: NetName=NetBrake_4 Pin=U1-11
Added Net: Name=NetBrake_4
Added Pin To Net: NetName=NetU1_19 Pin=U1-19
Added Pin To Net: NetName=NetU1_19 Pin=Yaw Encoder-3
Added Net: Name=NetU1_19
Added Pin To Net: NetName=NetU1_20 Pin=U1-20
Added Net: Name=NetU1_20
Added Member To Class: ClassName=Sam4S main control board Member=Component C17 100nF
Added Member To Class: ClassName=Sam4S main control board Member=Component C17 100nF
Added Member To Class: ClassName=Sam4S Basic Board 5 Member=Component Y1 12MHz
Added Room: Name=Sam4S Basic Board 5
Added Room: Name=Sam4S main control board
Added Room: Name=Sam4S Power Distribution_5
