Change Component Designator: Old Designator=C? New Designator=C1
Change Component Designator: Old Designator=C? New Designator=C2
Change Component Designator: Old Designator=C? New Designator=C3
Change Component Designator: Old Designator=C? New Designator=C4
Change Component Designator: Old Designator=D? New Designator=D1
Change Component Designator: Old Designator=DL? New Designator=DL1
Change Component Designator: Old Designator=DL? New Designator=DL2
Change Component Designator: Old Designator=DL? New Designator=DL3
Change Component Designator: Old Designator=H? New Designator=H1
Change Component Designator: Old Designator=H? New Designator=H2
Change Component Designator: Old Designator=H? New Designator=H3
Change Component Designator: Old Designator=MT? New Designator=MT1
Change Component Designator: Old Designator=MT? New Designator=MT2
Change Component Designator: Old Designator=MT? New Designator=MT3
Change Component Designator: Old Designator=MT? New Designator=MT4
Change Component Designator: Old Designator=R? New Designator=R1
Change Component Designator: Old Designator=R? New Designator=R2
Change Component Designator: Old Designator=R? New Designator=R3
Change Component Designator: Old Designator=R? New Designator=R4
Change Component Designator: Old Designator=R? New Designator=R5
Change Component Designator: Old Designator=R? New Designator=R6
Change Component Designator: Old Designator=R? New Designator=R7
Change Component Designator: Old Designator=R? New Designator=R8
Change Component Designator: Old Designator=R? New Designator=R9
Change Component Designator: Old Designator=R? New Designator=R10
Change Component Designator: Old Designator=R? New Designator=R11
Change Component Designator: Old Designator=R? New Designator=R12
Change Component Designator: Old Designator=R? New Designator=R13
Change Component Designator: Old Designator=R? New Designator=R14
Change Component Designator: Old Designator=R? New Designator=R15
Change Component Designator: Old Designator=SW? New Designator=SW1
Change Component Designator: Old Designator=SW? New Designator=SW2
Change Component Designator: Old Designator=TP? New Designator=TP1
Change Component Designator: Old Designator=TP? New Designator=TP2
Change Component Designator: Old Designator=TP? New Designator=TP3
Change Component Designator: Old Designator=TP? New Designator=TP4
Change Component Designator: Old Designator=TP? New Designator=TP5
Change Component Designator: Old Designator=TP? New Designator=TP6
Change Component Designator: Old Designator=TP? New Designator=TP7
Change Component Designator: Old Designator=TP_erase? New Designator=TP_erase1
Change Component Designator: Old Designator=TP_power_? New Designator=TP_power_1
Change Component Designator: Old Designator=U? New Designator=U1
Change Component Designator: Old Designator=Y? New Designator=Y1
