Removed Pin From Net: NetName=NetBuck1_2 Pin=C30-1
Removed Pin From Net: NetName=NetBuck1_2 Pin=C32-1
Removed Pin From Net: NetName=NetD2_2 Pin=D1-2
Removed Pin From Net: NetName=NetC35_1 Pin=H_d_p1-20
Removed Pin From Net: NetName=NetC29_1 Pin=H_d_p1-35
Added Component: Designator=D2(DIOM4227X23N)
Added Component: Designator=R24(RESC1608L)
Added Component: Designator=R25(RESC1608L)
Added Component: Designator=R26(RESC1608L)
Added Component: Designator=R27(RESC1608L)
Added Pin To Net: NetName=NetC3_2 Pin=D1-2
Added Pin To Net: NetName=+5V Pin=D1-1
Added Pin To Net: NetName=NetD2_2 Pin=D1-2
Added Pin To Net: NetName=NetBuck1_2 Pin=R24-1
Added Pin To Net: NetName=NetC29_1 Pin=R25-2
Added Pin To Net: NetName=NetC35_1 Pin=R26-2
Added Pin To Net: NetName=NetBuck1_2 Pin=R27-1
Added Pin To Net: NetName=NetC30_1 Pin=C30-1
Added Pin To Net: NetName=NetC30_1 Pin=R24-2
Added Net: Name=NetC30_1
Added Pin To Net: NetName=NetC32_1 Pin=C32-1
Added Pin To Net: NetName=NetC32_1 Pin=R27-2
Added Net: Name=NetC32_1
Added Pin To Net: NetName=NetH_d_p1_20 Pin=H_d_p1-20
Added Pin To Net: NetName=NetH_d_p1_20 Pin=R26-1
Added Net: Name=NetH_d_p1_20
Added Pin To Net: NetName=NetH_d_p1_35 Pin=H_d_p1-35
Added Pin To Net: NetName=NetH_d_p1_35 Pin=R25-1
Added Net: Name=NetH_d_p1_35
Added Member To Class: ClassName=Sam4s Hdrive brake Member=Component R24 0R
Added Member To Class: ClassName=Sam4s Hdrive brake Member=Component R25 0R
Added Member To Class: ClassName=Sam4s Hdrive brake Member=Component R26 0R
Added Member To Class: ClassName=Sam4s Hdrive brake Member=Component R27 0R
