Removed Pin From Net: NetName=NetD2_2 Pin=D1-2
Change Component Designator: OldDesignator=H_drive_pitch1 NewDesignator=H_d_p1
Change Component Designator: OldDesignator=H_drive_pitch2 NewDesignator=H_d_p2
Added Component: Designator=D2(DIOM4227X23N)
Added Pin To Net: NetName=NetC3_2 Pin=D1-2
Added Pin To Net: NetName=+5V Pin=D1-1
Added Pin To Net: NetName=NetD2_2 Pin=D1-2
Change Net Name : Old Net Name=NetH_drive_pitch1_2 New Net Name=NetH_d_p1_2
Change Net Name : Old Net Name=NetH_drive_pitch1_3 New Net Name=NetH_d_p1_3
Change Net Name : Old Net Name=NetH_drive_pitch1_4 New Net Name=NetH_d_p1_4
Change Net Name : Old Net Name=NetH_drive_pitch1_5 New Net Name=NetH_d_p1_5
Change Net Name : Old Net Name=NetH_drive_pitch1_6 New Net Name=NetH_d_p1_6
Change Net Name : Old Net Name=NetH_drive_pitch1_7 New Net Name=NetH_d_p1_7
Change Net Name : Old Net Name=NetH_drive_pitch1_12 New Net Name=NetH_d_p1_12
Change Net Name : Old Net Name=NetH_drive_pitch1_14 New Net Name=NetH_d_p1_14
Change Net Name : Old Net Name=NetH_drive_pitch1_15 New Net Name=NetH_d_p1_15
Change Net Name : Old Net Name=NetH_drive_pitch1_16 New Net Name=NetH_d_p1_16
Change Net Name : Old Net Name=NetH_drive_pitch2_2 New Net Name=NetH_d_p2_2
Change Net Name : Old Net Name=NetH_drive_pitch2_3 New Net Name=NetH_d_p2_3
Change Net Name : Old Net Name=NetH_drive_pitch2_4 New Net Name=NetH_d_p2_4
Change Net Name : Old Net Name=NetH_drive_pitch2_5 New Net Name=NetH_d_p2_5
Change Net Name : Old Net Name=NetH_drive_pitch2_6 New Net Name=NetH_d_p2_6
Change Net Name : Old Net Name=NetH_drive_pitch2_7 New Net Name=NetH_d_p2_7
Change Net Name : Old Net Name=NetH_drive_pitch2_12 New Net Name=NetH_d_p2_12
Change Net Name : Old Net Name=NetH_drive_pitch2_14 New Net Name=NetH_d_p2_14
Change Net Name : Old Net Name=NetH_drive_pitch2_15 New Net Name=NetH_d_p2_15
Change Net Name : Old Net Name=NetH_drive_pitch2_16 New Net Name=NetH_d_p2_16
