Removed Pin From Net: NetName=NetD2_2 Pin=D1-2
Removed Pin From Net: NetName=NetH_drive_pitch2_15 Pin=U1-27
Removed Pin From Net: NetName=NetH_drive_pitch2_14 Pin=U1-28
Removed Pin From Net: NetName=NetH_drive_pitch2_3 Pin=U1-29
Removed Pin From Net: NetName=NetH_drive_pitch2_6 Pin=U1-30
Removed Pin From Net: NetName=NetH_drive_pitch2_5 Pin=U1-32
Removed Pin From Net: NetName=NetH_drive_pitch2_4 Pin=U1-34
Removed Pin From Net: NetName=NetH_drive_pitch2_2 Pin=U1-37
Removed Pin From Net: NetName=NetH_drive_pitch2_16 Pin=U1-38
Added Component: Designator=D2(DIOM4227X23N)
Added Pin To Net: NetName=NetC3_2 Pin=D1-2
Added Pin To Net: NetName=+5V Pin=D1-1
Added Pin To Net: NetName=NetD2_2 Pin=D1-2
Added Pin To Net: NetName=NetH_drive_pitch2_16 Pin=U1-27
Added Pin To Net: NetName=NetH_drive_pitch2_15 Pin=U1-28
Added Pin To Net: NetName=NetH_drive_pitch2_14 Pin=U1-29
Added Pin To Net: NetName=NetH_drive_pitch2_3 Pin=U1-30
Added Pin To Net: NetName=NetH_drive_pitch2_6 Pin=U1-32
Added Pin To Net: NetName=NetH_drive_pitch2_5 Pin=U1-34
Added Pin To Net: NetName=NetH_drive_pitch2_4 Pin=U1-37
Added Pin To Net: NetName=NetH_drive_pitch2_2 Pin=U1-38
