Removed Pin From Net: NetName=NetD2_2 Pin=D1-2
Removed Pin From Net: NetName=NetC23_1 Pin=H_drive_pitch1-12
Added Component: Designator=D2(DIOM4227X23N)
Added Component: Designator=H?(MOLEX_KK_6_HDR)
Added Component: Designator=H?(FH34S-6S-0.5SH)
Added Component: Designator=J2(JMP2.54-CO)
Added Pin To Net: NetName=NetC18_2 Pin=C36-2
Added Pin To Net: NetName=NetC19_2 Pin=C37-2
Added Pin To Net: NetName=NetC18_2 Pin=C39-2
Added Pin To Net: NetName=NetC18_2 Pin=C40-2
Added Pin To Net: NetName=NetC18_2 Pin=C42-2
Added Pin To Net: NetName=NetC18_2 Pin=C43-2
Added Pin To Net: NetName=NetC18_2 Pin=C44-2
Added Pin To Net: NetName=NetC18_2 Pin=C45-2
Added Pin To Net: NetName=NetC19_2 Pin=C46-1
Added Pin To Net: NetName=NetC19_2 Pin=C48-1
Added Pin To Net: NetName=NetC19_2 Pin=C50-1
Added Pin To Net: NetName=NetC19_2 Pin=C52-1
Added Pin To Net: NetName=NetC3_2 Pin=D1-2
Added Pin To Net: NetName=+5V Pin=D1-1
Added Pin To Net: NetName=NetD2_2 Pin=D1-2
Added Pin To Net: NetName=NetC18_2 Pin=H_drive_pitch2-1
Added Pin To Net: NetName=NetC18_2 Pin=H_drive_pitch2-17
Added Pin To Net: NetName=NetC18_2 Pin=H_drive_pitch2-18
Added Pin To Net: NetName=NetC18_2 Pin=H_drive_pitch2-19
Added Pin To Net: NetName=NetC19_2 Pin=H_drive_pitch2-21
Added Pin To Net: NetName=NetC19_2 Pin=H_drive_pitch2-26
Added Pin To Net: NetName=NetC19_2 Pin=H_drive_pitch2-29
Added Pin To Net: NetName=NetC19_2 Pin=H_drive_pitch2-34
Added Pin To Net: NetName=NetC18_2 Pin=H_drive_pitch2-36
Added Pin To Net: NetName=NetC23_1 Pin=J2-1
Added Pin To Net: NetName=NetC23_2 Pin=J2-2
Added Pin To Net: NetName=NetC19_2 Pin=R20-2
Added Pin To Net: NetName=NetH_drive_pitch1_12 Pin=H_drive_pitch1-12
Added Pin To Net: NetName=NetH_drive_pitch1_12 Pin=J2-3
Added Net: Name=NetH_drive_pitch1_12
Added Class: Name=Sam4s Hdrives power
Added Member To Class: ClassName=Sam4s Hdrive brake Member=Component J2 100Mil Jumper
Added Room: Name=Sam4s Hdrives power
