Removed Pin From Net: NetName=NetD2_2 Pin=D1-2
Removed Pin From Net: NetName=NetH_drive_pitch1_3 Pin=U1-19
Removed Pin From Net: NetName=NetH_drive_pitch1_4 Pin=U1-20
Removed Pin From Net: NetName=NetH_drive_pitch1_5 Pin=U1-21
Removed Pin From Net: NetName=NetH_drive_pitch1_6 Pin=U1-22
Removed Pin From Net: NetName=NetH_drive_pitch2_15 Pin=U1-23
Removed Pin From Net: NetName=NetH_drive_pitch2_14 Pin=U1-25
Removed Pin From Net: NetName=NetH_drive_pitch1_14 Pin=U1-27
Removed Pin From Net: NetName=NetH_drive_pitch1_15 Pin=U1-28
Added Component: Designator=D2(DIOM4227X23N)
Added Pin To Net: NetName=NetC3_2 Pin=D1-2
Added Pin To Net: NetName=+5V Pin=D1-1
Added Pin To Net: NetName=NetD2_2 Pin=D1-2
Added Pin To Net: NetName=NetH_drive_pitch2_14 Pin=U1-19
Added Pin To Net: NetName=NetH_drive_pitch1_15 Pin=U1-20
Added Pin To Net: NetName=NetH_drive_pitch1_14 Pin=U1-21
Added Pin To Net: NetName=NetH_drive_pitch1_3 Pin=U1-22
Added Pin To Net: NetName=NetH_drive_pitch1_4 Pin=U1-23
Added Pin To Net: NetName=NetH_drive_pitch1_5 Pin=U1-25
Added Pin To Net: NetName=NetH_drive_pitch1_6 Pin=U1-27
Added Pin To Net: NetName=NetH_drive_pitch2_15 Pin=U1-28
