Removed Pin From Net: NetName=+5V Pin=D2-1
Removed Pin From Net: NetName=NetC18_2 Pin=H_drive_pitch-1
Removed Pin From Net: NetName=GND Pin=H_drive_pitch-8
Removed Pin From Net: NetName=NetC23_1 Pin=H_drive_pitch-9
Removed Pin From Net: NetName=NetC23_2 Pin=H_drive_pitch-10
Removed Pin From Net: NetName=NetC23_1 Pin=H_drive_pitch-11
Removed Pin From Net: NetName=NetC23_1 Pin=H_drive_pitch-12
Removed Pin From Net: NetName=NetC23_1 Pin=H_drive_pitch-13
Removed Pin From Net: NetName=NetC18_2 Pin=H_drive_pitch-17
Removed Pin From Net: NetName=NetC18_2 Pin=H_drive_pitch-18
Removed Pin From Net: NetName=NetC18_2 Pin=H_drive_pitch-19
Removed Pin From Net: NetName=NetC19_2 Pin=H_drive_pitch-21
Removed Pin From Net: NetName=GND Pin=H_drive_pitch-23
Removed Pin From Net: NetName=GND Pin=H_drive_pitch-24
Removed Pin From Net: NetName=NetC19_2 Pin=H_drive_pitch-26
Removed Pin From Net: NetName=NetC19_2 Pin=H_drive_pitch-29
Removed Pin From Net: NetName=GND Pin=H_drive_pitch-31
Removed Pin From Net: NetName=GND Pin=H_drive_pitch-32
Removed Pin From Net: NetName=NetC19_2 Pin=H_drive_pitch-34
Removed Pin From Net: NetName=NetC18_2 Pin=H_drive_pitch-36
Removed Pin From Net: NetName=NetU1_10 Pin=Yaw Encoder-1
Removed Pin From Net: NetName=NetU1_16 Pin=Yaw motor control-1
Removed Pin From Net: NetName=NetU1_13 Pin=Yaw motor control-2
Removed Member From Class: ClassName=Sam4S main control board Member=Brake
Removed Member From Class: ClassName=Sam4S Basic Board 5 Member=C17
Removed Member From Class: ClassName=Sam4S Basic Board 5 Member=D2
Removed Member From Class: ClassName=Sam4S main control board Member=H_drive_brake
Removed Member From Class: ClassName=Sam4S main control board Member=H_drive_pitch
Removed Member From Class: ClassName=Sam4S main control board Member=Pitch ADC
Removed Member From Class: ClassName=Sam4S main control board Member=Pitch Stepper motor
Removed Member From Class: ClassName=Sam4S Basic Board 5 Member=TP_pin_PA11
Removed Member From Class: ClassName=Sam4S Basic Board 5 Member=TP_pin_PA15
Removed Member From Class: ClassName=Sam4S main control board Member=Wind ADC
Removed Member From Class: ClassName=Sam4S main control board Member=Wind PIO
Removed Member From Class: ClassName=Sam4S main control board Member=Yaw Encoder
Removed Member From Class: ClassName=Sam4S main control board Member=Yaw motor control
Change Component Comment : Designator=R19 Old Comment=10R New Comment=1R
Change Component Designator: OldDesignator=C3 NewDesignator=C4
Change Component Designator: OldDesignator=C4 NewDesignator=C5
Change Component Designator: OldDesignator=C5 NewDesignator=C6
Change Component Designator: OldDesignator=C6 NewDesignator=C7
Change Component Designator: OldDesignator=C7 NewDesignator=C8
Change Component Designator: OldDesignator=C8 NewDesignator=C9
Change Component Designator: OldDesignator=C9 NewDesignator=C10
Change Component Designator: OldDesignator=C10 NewDesignator=C11
Change Component Designator: OldDesignator=C11 NewDesignator=C12
Change Component Designator: OldDesignator=C12 NewDesignator=C13
Change Component Designator: OldDesignator=C13 NewDesignator=C14
Change Component Designator: OldDesignator=C14 NewDesignator=C15
Change Component Designator: OldDesignator=C15 NewDesignator=C16
Change Component Designator: OldDesignator=C16 NewDesignator=C17
Change Component Designator: OldDesignator=C17 NewDesignator=C3
Change Component Designator: OldDesignator=Pitch ADC NewDesignator=Pitch ADC1
Change Component Designator: OldDesignator=TP3USB_N NewDesignator=TP1
Change Component Designator: OldDesignator=TP5USB_P NewDesignator=TP2
Change Component Designator: OldDesignator=TP7 NewDesignator=TP3
Change Component Designator: OldDesignator=TP8 NewDesignator=TP4
Change Component Designator: OldDesignator=TP9 NewDesignator=TP5
Change Component Designator: OldDesignator=TP10 NewDesignator=TP6
Change Component Designator: OldDesignator=TP11 NewDesignator=TP7
Change Component Designator: OldDesignator=TP16 NewDesignator=TP8
Change Component Designator: OldDesignator=TP_erase NewDesignator=TP_erase1
Change Component Designator: OldDesignator=TP_GND_ NewDesignator=TP_GND_1
Change Component Designator: OldDesignator=TP_power_3.3_ NewDesignator=TP_power_1
Change Component Designator: OldDesignator=TP_power_3.3__ NewDesignator=TP_power_2
Change Component Designator: OldDesignator=TP_power_adiode NewDesignator=TP_power_adiode1
Change Component Designator: OldDesignator=TP_power_VBUS NewDesignator=TP_power_VBUS1
Change Component Designator: OldDesignator=TP_VddOut NewDesignator=TP_VddOut1
Change Component Designator: OldDesignator=Wind ADC NewDesignator=Wind ADC1
Change Component Designator: OldDesignator=Wind PIO NewDesignator=Wind PIO1
Change Component Designator: OldDesignator=Yaw Encoder NewDesignator=Yaw Encoder1
Added Component: Designator=Brake1(HDR1X4)
Added Component: Designator=C28(CX1206)
Added Component: Designator=C29(CX1206)
Added Component: Designator=C30(CX1206)
Added Component: Designator=C31(CX1206)
Added Component: Designator=C32(CX1206)
Added Component: Designator=C33(CX1206)
Added Component: Designator=C34(CX1206)
Added Component: Designator=C35(CX1206)
Added Component: Designator=C36(CAPC1608L)
Added Component: Designator=C37(NICH-1)
Added Component: Designator=C38(CAPC1005L)
Added Component: Designator=C39(CAPC1608L)
Added Component: Designator=C40(CAPC1608L)
Added Component: Designator=C41(CAPC1608L)
Added Component: Designator=C42(CAPC3216L)
Added Component: Designator=C43(CAPC1608L)
Added Component: Designator=C44(CAPC1608L)
Added Component: Designator=C45(CAPC1608L)
Added Component: Designator=C46(CX1206)
Added Component: Designator=C47(CX1206)
Added Component: Designator=C48(CX1206)
Added Component: Designator=C49(CX1206)
Added Component: Designator=C50(CX1206)
Added Component: Designator=C51(CX1206)
Added Component: Designator=C52(CX1206)
Added Component: Designator=C53(CX1206)
Added Component: Designator=D2(DIOM4227X23N)
Added Component: Designator=H_drive_pitch1(DKD36)
Added Component: Designator=H_drive_pitch2(DKD36)
Added Component: Designator=Pitch Stepper motor1(HDR1X4)
Added Component: Designator=R20(RESC1608L)
Added Component: Designator=R21(RESC1608L)
Added Component: Designator=R22(RESC1608L)
Added Pin To Net: NetName=NetC19_2 Pin=C28-1
Added Pin To Net: NetName=GND Pin=C28-2
Added Pin To Net: NetName=GND Pin=C28-3
Added Pin To Net: NetName=GND Pin=C28-4
Added Pin To Net: NetName=GND Pin=C29-3
Added Pin To Net: NetName=GND Pin=C29-4
Added Pin To Net: NetName=NetC19_2 Pin=C30-1
Added Pin To Net: NetName=GND Pin=C30-2
Added Pin To Net: NetName=GND Pin=C30-3
Added Pin To Net: NetName=GND Pin=C30-4
Added Pin To Net: NetName=GND Pin=C31-3
Added Pin To Net: NetName=GND Pin=C31-4
Added Pin To Net: NetName=NetC19_2 Pin=C32-1
Added Pin To Net: NetName=GND Pin=C32-2
Added Pin To Net: NetName=GND Pin=C32-3
Added Pin To Net: NetName=GND Pin=C32-4
Added Pin To Net: NetName=GND Pin=C33-3
Added Pin To Net: NetName=GND Pin=C33-4
Added Pin To Net: NetName=NetC19_2 Pin=C34-1
Added Pin To Net: NetName=GND Pin=C34-2
Added Pin To Net: NetName=GND Pin=C34-3
Added Pin To Net: NetName=GND Pin=C34-4
Added Pin To Net: NetName=GND Pin=C35-3
Added Pin To Net: NetName=GND Pin=C35-4
Added Pin To Net: NetName=GND Pin=C36-1
Added Pin To Net: NetName=GND Pin=C37-1
Added Pin To Net: NetName=GND Pin=C38-2
Added Pin To Net: NetName=GND Pin=C39-1
Added Pin To Net: NetName=GND Pin=C40-1
Added Pin To Net: NetName=GND Pin=C42-1
Added Pin To Net: NetName=GND Pin=C43-1
Added Pin To Net: NetName=GND Pin=C44-1
Added Pin To Net: NetName=GND Pin=C45-1
Added Pin To Net: NetName=GND Pin=C46-2
Added Pin To Net: NetName=GND Pin=C46-3
Added Pin To Net: NetName=GND Pin=C46-4
Added Pin To Net: NetName=GND Pin=C47-3
Added Pin To Net: NetName=GND Pin=C47-4
Added Pin To Net: NetName=GND Pin=C48-2
Added Pin To Net: NetName=GND Pin=C48-3
Added Pin To Net: NetName=GND Pin=C48-4
Added Pin To Net: NetName=GND Pin=C49-3
Added Pin To Net: NetName=GND Pin=C49-4
Added Pin To Net: NetName=GND Pin=C50-2
Added Pin To Net: NetName=GND Pin=C50-3
Added Pin To Net: NetName=GND Pin=C50-4
Added Pin To Net: NetName=GND Pin=C51-3
Added Pin To Net: NetName=GND Pin=C51-4
Added Pin To Net: NetName=GND Pin=C52-2
Added Pin To Net: NetName=GND Pin=C52-3
Added Pin To Net: NetName=GND Pin=C52-4
Added Pin To Net: NetName=GND Pin=C53-3
Added Pin To Net: NetName=GND Pin=C53-4
Added Pin To Net: NetName=+5V Pin=D1-1
Added Pin To Net: NetName=NetC18_2 Pin=H_drive_pitch1-1
Added Pin To Net: NetName=GND Pin=H_drive_pitch1-8
Added Pin To Net: NetName=NetC23_1 Pin=H_drive_pitch1-9
Added Pin To Net: NetName=NetC23_2 Pin=H_drive_pitch1-10
Added Pin To Net: NetName=NetC23_1 Pin=H_drive_pitch1-11
Added Pin To Net: NetName=NetC23_1 Pin=H_drive_pitch1-12
Added Pin To Net: NetName=NetC23_1 Pin=H_drive_pitch1-13
Added Pin To Net: NetName=NetC18_2 Pin=H_drive_pitch1-17
Added Pin To Net: NetName=NetC18_2 Pin=H_drive_pitch1-18
Added Pin To Net: NetName=NetC18_2 Pin=H_drive_pitch1-19
Added Pin To Net: NetName=NetC19_2 Pin=H_drive_pitch1-21
Added Pin To Net: NetName=GND Pin=H_drive_pitch1-23
Added Pin To Net: NetName=GND Pin=H_drive_pitch1-24
Added Pin To Net: NetName=NetC19_2 Pin=H_drive_pitch1-26
Added Pin To Net: NetName=NetC19_2 Pin=H_drive_pitch1-29
Added Pin To Net: NetName=GND Pin=H_drive_pitch1-31
Added Pin To Net: NetName=GND Pin=H_drive_pitch1-32
Added Pin To Net: NetName=NetC19_2 Pin=H_drive_pitch1-34
Added Pin To Net: NetName=NetC18_2 Pin=H_drive_pitch1-36
Added Pin To Net: NetName=GND Pin=H_drive_pitch2-8
Added Pin To Net: NetName=GND Pin=H_drive_pitch2-23
Added Pin To Net: NetName=GND Pin=H_drive_pitch2-24
Added Pin To Net: NetName=GND Pin=H_drive_pitch2-31
Added Pin To Net: NetName=GND Pin=H_drive_pitch2-32
Added Pin To Net: NetName=GND Pin=R22-1
Added Pin To Net: NetName=NetU1_16 Pin=Yaw Encoder1-1
Added Pin To Net: NetName=NetU1_13 Pin=Yaw Encoder1-2
Added Pin To Net: NetName=NetU1_10 Pin=Yaw Encoder1-3
Change Net Name : Old Net Name=NetC15_2 New Net Name=NetC16_2
Change Net Name : Old Net Name=NetC16_2 New Net Name=NetC17_2
Change Net Name : Old Net Name=NetPitch ADC_1 New Net Name=NetPitch ADC1_1
Added Pin To Net: NetName=NetBrake1_1 Pin=Brake1-1
Added Pin To Net: NetName=NetBrake1_1 Pin=C29-2
Added Pin To Net: NetName=NetBrake1_1 Pin=H_drive_pitch1-33
Added Net: Name=NetBrake1_1
Added Pin To Net: NetName=NetBrake1_2 Pin=Brake1-2
Added Pin To Net: NetName=NetBrake1_2 Pin=C31-2
Added Pin To Net: NetName=NetBrake1_2 Pin=H_drive_pitch1-30
Added Net: Name=NetBrake1_2
Added Pin To Net: NetName=NetBrake1_3 Pin=Brake1-3
Added Pin To Net: NetName=NetBrake1_3 Pin=C33-2
Added Pin To Net: NetName=NetBrake1_3 Pin=H_drive_pitch1-25
Added Net: Name=NetBrake1_3
Added Pin To Net: NetName=NetBrake1_4 Pin=Brake1-4
Added Pin To Net: NetName=NetBrake1_4 Pin=C35-2
Added Pin To Net: NetName=NetBrake1_4 Pin=H_drive_pitch1-22
Added Net: Name=NetBrake1_4
Added Pin To Net: NetName=NetC3_2 Pin=C3-2
Added Pin To Net: NetName=NetC3_2 Pin=D1-2
Added Pin To Net: NetName=NetC3_2 Pin=H2-1
Added Net: Name=NetC3_2
Added Pin To Net: NetName=NetC29_1 Pin=C29-1
Added Pin To Net: NetName=NetC29_1 Pin=H_drive_pitch1-35
Added Net: Name=NetC29_1
Added Pin To Net: NetName=NetC31_1 Pin=C31-1
Added Pin To Net: NetName=NetC31_1 Pin=H_drive_pitch1-28
Added Net: Name=NetC31_1
Added Pin To Net: NetName=NetC33_1 Pin=C33-1
Added Pin To Net: NetName=NetC33_1 Pin=H_drive_pitch1-27
Added Net: Name=NetC33_1
Added Pin To Net: NetName=NetC35_1 Pin=C35-1
Added Pin To Net: NetName=NetC35_1 Pin=H_drive_pitch1-20
Added Net: Name=NetC35_1
Added Pin To Net: NetName=NetC36_2 Pin=C36-2
Added Pin To Net: NetName=NetC36_2 Pin=C39-2
Added Pin To Net: NetName=NetC36_2 Pin=C40-2
Added Pin To Net: NetName=NetC36_2 Pin=C42-2
Added Pin To Net: NetName=NetC36_2 Pin=C43-2
Added Pin To Net: NetName=NetC36_2 Pin=C44-2
Added Pin To Net: NetName=NetC36_2 Pin=C45-2
Added Pin To Net: NetName=NetC36_2 Pin=H_drive_pitch2-1
Added Pin To Net: NetName=NetC36_2 Pin=H_drive_pitch2-17
Added Pin To Net: NetName=NetC36_2 Pin=H_drive_pitch2-18
Added Pin To Net: NetName=NetC36_2 Pin=H_drive_pitch2-19
Added Pin To Net: NetName=NetC36_2 Pin=H_drive_pitch2-36
Added Net: Name=NetC36_2
Added Pin To Net: NetName=NetC37_2 Pin=C37-2
Added Pin To Net: NetName=NetC37_2 Pin=C46-1
Added Pin To Net: NetName=NetC37_2 Pin=C48-1
Added Pin To Net: NetName=NetC37_2 Pin=C50-1
Added Pin To Net: NetName=NetC37_2 Pin=C52-1
Added Pin To Net: NetName=NetC37_2 Pin=H_drive_pitch2-21
Added Pin To Net: NetName=NetC37_2 Pin=H_drive_pitch2-26
Added Pin To Net: NetName=NetC37_2 Pin=H_drive_pitch2-29
Added Pin To Net: NetName=NetC37_2 Pin=H_drive_pitch2-34
Added Pin To Net: NetName=NetC37_2 Pin=R20-2
Added Net: Name=NetC37_2
Added Pin To Net: NetName=NetC38_1 Pin=C38-1
Added Pin To Net: NetName=NetC38_1 Pin=R20-1
Added Net: Name=NetC38_1
Added Pin To Net: NetName=NetC41_1 Pin=C41-1
Added Pin To Net: NetName=NetC41_1 Pin=H_drive_pitch2-9
Added Pin To Net: NetName=NetC41_1 Pin=H_drive_pitch2-11
Added Pin To Net: NetName=NetC41_1 Pin=H_drive_pitch2-12
Added Pin To Net: NetName=NetC41_1 Pin=H_drive_pitch2-13
Added Pin To Net: NetName=NetC41_1 Pin=R21-1
Added Pin To Net: NetName=NetC41_1 Pin=R22-2
Added Net: Name=NetC41_1
Added Pin To Net: NetName=NetC41_2 Pin=C41-2
Added Pin To Net: NetName=NetC41_2 Pin=H_drive_pitch2-10
Added Net: Name=NetC41_2
Added Pin To Net: NetName=NetC47_1 Pin=C47-1
Added Pin To Net: NetName=NetC47_1 Pin=H_drive_pitch2-35
Added Net: Name=NetC47_1
Added Pin To Net: NetName=NetC47_2 Pin=C47-2
Added Pin To Net: NetName=NetC47_2 Pin=H_drive_pitch2-33
Added Pin To Net: NetName=NetC47_2 Pin=Pitch Stepper motor1-1
Added Net: Name=NetC47_2
Added Pin To Net: NetName=NetC49_1 Pin=C49-1
Added Pin To Net: NetName=NetC49_1 Pin=H_drive_pitch2-28
Added Net: Name=NetC49_1
Added Pin To Net: NetName=NetC49_2 Pin=C49-2
Added Pin To Net: NetName=NetC49_2 Pin=H_drive_pitch2-30
Added Pin To Net: NetName=NetC49_2 Pin=Pitch Stepper motor1-2
Added Net: Name=NetC49_2
Added Pin To Net: NetName=NetC51_1 Pin=C51-1
Added Pin To Net: NetName=NetC51_1 Pin=H_drive_pitch2-27
Added Net: Name=NetC51_1
Added Pin To Net: NetName=NetC51_2 Pin=C51-2
Added Pin To Net: NetName=NetC51_2 Pin=H_drive_pitch2-25
Added Pin To Net: NetName=NetC51_2 Pin=Pitch Stepper motor1-3
Added Net: Name=NetC51_2
Added Pin To Net: NetName=NetC53_1 Pin=C53-1
Added Pin To Net: NetName=NetC53_1 Pin=H_drive_pitch2-20
Added Net: Name=NetC53_1
Added Pin To Net: NetName=NetC53_2 Pin=C53-2
Added Pin To Net: NetName=NetC53_2 Pin=H_drive_pitch2-22
Added Pin To Net: NetName=NetC53_2 Pin=Pitch Stepper motor1-4
Added Net: Name=NetC53_2
Added Pin To Net: NetName=NetD2_2 Pin=D1-2
Added Pin To Net: NetName=NetD2_2 Pin=L1-1
Added Pin To Net: NetName=NetD2_2 Pin=TP_power_VBUS1-1
Added Net: Name=NetD2_2
Added Pin To Net: NetName=NetH_drive_pitch1_2 Pin=H_drive_pitch1-2
Added Pin To Net: NetName=NetH_drive_pitch1_2 Pin=U1-9
Added Net: Name=NetH_drive_pitch1_2
Added Pin To Net: NetName=NetH_drive_pitch1_3 Pin=H_drive_pitch1-3
Added Pin To Net: NetName=NetH_drive_pitch1_3 Pin=U1-19
Added Net: Name=NetH_drive_pitch1_3
Added Pin To Net: NetName=NetH_drive_pitch1_4 Pin=H_drive_pitch1-4
Added Pin To Net: NetName=NetH_drive_pitch1_4 Pin=U1-20
Added Net: Name=NetH_drive_pitch1_4
Added Pin To Net: NetName=NetH_drive_pitch1_5 Pin=H_drive_pitch1-5
Added Pin To Net: NetName=NetH_drive_pitch1_5 Pin=U1-21
Added Net: Name=NetH_drive_pitch1_5
Added Pin To Net: NetName=NetH_drive_pitch1_6 Pin=H_drive_pitch1-6
Added Pin To Net: NetName=NetH_drive_pitch1_6 Pin=U1-22
Added Net: Name=NetH_drive_pitch1_6
Added Pin To Net: NetName=NetH_drive_pitch1_7 Pin=H_drive_pitch1-7
Added Pin To Net: NetName=NetH_drive_pitch1_7 Pin=R18-2
Added Net: Name=NetH_drive_pitch1_7
Added Pin To Net: NetName=NetH_drive_pitch1_14 Pin=H_drive_pitch1-14
Added Pin To Net: NetName=NetH_drive_pitch1_14 Pin=U1-27
Added Net: Name=NetH_drive_pitch1_14
Added Pin To Net: NetName=NetH_drive_pitch1_15 Pin=H_drive_pitch1-15
Added Pin To Net: NetName=NetH_drive_pitch1_15 Pin=U1-28
Added Net: Name=NetH_drive_pitch1_15
Added Pin To Net: NetName=NetH_drive_pitch1_16 Pin=H_drive_pitch1-16
Added Pin To Net: NetName=NetH_drive_pitch1_16 Pin=U1-29
Added Net: Name=NetH_drive_pitch1_16
Added Pin To Net: NetName=NetH_drive_pitch2_2 Pin=H_drive_pitch2-2
Added Pin To Net: NetName=NetH_drive_pitch2_2 Pin=U1-52
Added Net: Name=NetH_drive_pitch2_2
Added Pin To Net: NetName=NetH_drive_pitch2_3 Pin=H_drive_pitch2-3
Added Pin To Net: NetName=NetH_drive_pitch2_3 Pin=U1-42
Added Net: Name=NetH_drive_pitch2_3
Added Pin To Net: NetName=NetH_drive_pitch2_4 Pin=H_drive_pitch2-4
Added Pin To Net: NetName=NetH_drive_pitch2_4 Pin=U1-41
Added Net: Name=NetH_drive_pitch2_4
Added Pin To Net: NetName=NetH_drive_pitch2_5 Pin=H_drive_pitch2-5
Added Pin To Net: NetName=NetH_drive_pitch2_5 Pin=U1-38
Added Net: Name=NetH_drive_pitch2_5
Added Pin To Net: NetName=NetH_drive_pitch2_6 Pin=H_drive_pitch2-6
Added Pin To Net: NetName=NetH_drive_pitch2_6 Pin=U1-37
Added Net: Name=NetH_drive_pitch2_6
Added Pin To Net: NetName=NetH_drive_pitch2_7 Pin=H_drive_pitch2-7
Added Pin To Net: NetName=NetH_drive_pitch2_7 Pin=R21-2
Added Net: Name=NetH_drive_pitch2_7
Added Pin To Net: NetName=NetH_drive_pitch2_14 Pin=H_drive_pitch2-14
Added Pin To Net: NetName=NetH_drive_pitch2_14 Pin=U1-25
Added Net: Name=NetH_drive_pitch2_14
Added Pin To Net: NetName=NetH_drive_pitch2_15 Pin=H_drive_pitch2-15
Added Pin To Net: NetName=NetH_drive_pitch2_15 Pin=U1-23
Added Net: Name=NetH_drive_pitch2_15
Added Pin To Net: NetName=NetH_drive_pitch2_16 Pin=H_drive_pitch2-16
Added Pin To Net: NetName=NetH_drive_pitch2_16 Pin=U1-15
Added Net: Name=NetH_drive_pitch2_16
Added Pin To Net: NetName=NetU1_30 Pin=U1-30
Added Net: Name=NetU1_30
Change Class Name : Old Net Name=Sam4S main control board New Net Name=Sam4s Hdrive brake
Added Class: Name=Sam4s Hdrive pitch
Added Class: Name=Sam4S main control board
Added Member To Class: ClassName=Sam4s Hdrive brake Member=Component Brake1 Header 4
Added Member To Class: ClassName=Sam4S Basic Board 5 Member=Component C4 100nF
Added Member To Class: ClassName=Sam4s Hdrive brake Member=Component C28 100nF
Added Member To Class: ClassName=Sam4s Hdrive brake Member=Component C29 100nF
Added Member To Class: ClassName=Sam4s Hdrive brake Member=Component C30 100nF
Added Member To Class: ClassName=Sam4s Hdrive brake Member=Component C31 100nF
Added Member To Class: ClassName=Sam4s Hdrive brake Member=Component C32 100nF
Added Member To Class: ClassName=Sam4s Hdrive brake Member=Component C33 100nF
Added Member To Class: ClassName=Sam4s Hdrive brake Member=Component C34 100nF
Added Member To Class: ClassName=Sam4s Hdrive brake Member=Component C35 100nF
Added Member To Class: ClassName=Sam4S Basic Board 5 Member=Component D1 SS14-E3/5AT
Added Member To Class: ClassName=Sam4s Hdrive brake Member=Component H_drive_pitch1 DRV8432_DKD_36
Added Room: Name=Sam4s Hdrive brake
Added Room: Name=Sam4s Hdrive pitch
