Removed Pin From Net: NetName=NetD2_2 Pin=D1-2
Added Component: Designator=C54(CAPC1608L)
Added Component: Designator=C55(CAPC1608L)
Added Component: Designator=C56(CAPC1608L)
Added Component: Designator=C57(CAPC1608L)
Added Component: Designator=C58(CAPC1608L)
Added Component: Designator=C59(CAPC1608L)
Added Component: Designator=C60(CAPC1608L)
Added Component: Designator=C61(CAPC1608L)
Added Component: Designator=D2(DIOM4227X23N)
Added Pin To Net: NetName=+5V Pin=C54-1
Added Pin To Net: NetName=GND Pin=C54-2
Added Pin To Net: NetName=+3V3 Pin=C55-1
Added Pin To Net: NetName=GND Pin=C55-2
Added Pin To Net: NetName=GND Pin=C56-1
Added Pin To Net: NetName=+5V Pin=C56-2
Added Pin To Net: NetName=+3V3 Pin=C57-1
Added Pin To Net: NetName=GND Pin=C57-2
Added Pin To Net: NetName=+5V Pin=C58-1
Added Pin To Net: NetName=GND Pin=C58-2
Added Pin To Net: NetName=+3V3 Pin=C59-1
Added Pin To Net: NetName=GND Pin=C59-2
Added Pin To Net: NetName=+5V Pin=C60-1
Added Pin To Net: NetName=GND Pin=C60-2
Added Pin To Net: NetName=+3V3 Pin=C61-1
Added Pin To Net: NetName=GND Pin=C61-2
Added Pin To Net: NetName=NetC3_2 Pin=D1-2
Added Pin To Net: NetName=+5V Pin=D1-1
Added Pin To Net: NetName=NetD2_2 Pin=D1-2
Added Member To Class: ClassName=Sam4S main control board Member=Component C54 100nF
Added Member To Class: ClassName=Sam4S main control board Member=Component C55 100nF
Added Member To Class: ClassName=Sam4S main control board Member=Component C56 100nF
Added Member To Class: ClassName=Sam4S main control board Member=Component C57 100nF
Added Member To Class: ClassName=Sam4S main control board Member=Component C58 100nF
Added Member To Class: ClassName=Sam4S main control board Member=Component C59 100nF
Added Member To Class: ClassName=Sam4S main control board Member=Component C60 100nF
Added Member To Class: ClassName=Sam4S main control board Member=Component C61 100nF
