Removed Pin From Net: NetName=NetD2_2 Pin=D1-2
Removed Pin From Net: NetName=NetC41_1 Pin=J1-1
Removed Pin From Net: NetName=NetC41_2 Pin=J1-2
Removed Pin From Net: NetName=NetH_drive_pitch2_12 Pin=J1-3
Removed Pin From Net: NetName=NetC23_1 Pin=J2-1
Removed Pin From Net: NetName=NetC23_2 Pin=J2-2
Removed Pin From Net: NetName=NetH_drive_pitch1_12 Pin=J2-3
Removed Member From Class: ClassName=Sam4s Hdrive pitch Member=J1
Removed Member From Class: ClassName=Sam4s Hdrive brake Member=J2
Added Component: Designator=D2(DIOM4227X23N)
Added Component: Designator=R24(RESC1608L)
Added Component: Designator=R25(RESC1608L)
Added Component: Designator=R26(RESC1608L)
Added Component: Designator=R27(RESC1608L)
Added Pin To Net: NetName=NetC3_2 Pin=D1-2
Added Pin To Net: NetName=+5V Pin=D1-1
Added Pin To Net: NetName=NetD2_2 Pin=D1-2
Added Pin To Net: NetName=NetC23_1 Pin=R24-1
Added Pin To Net: NetName=NetC23_2 Pin=R24-2
Added Pin To Net: NetName=NetC23_2 Pin=R25-1
Added Pin To Net: NetName=NetH_drive_pitch1_12 Pin=R25-2
Added Pin To Net: NetName=NetC41_1 Pin=R26-1
Added Pin To Net: NetName=NetC41_2 Pin=R26-2
Added Pin To Net: NetName=NetC41_2 Pin=R27-1
Added Pin To Net: NetName=NetH_drive_pitch2_12 Pin=R27-2
Added Member To Class: ClassName=Sam4s Hdrive brake Member=Component R24 0R
Added Member To Class: ClassName=Sam4s Hdrive brake Member=Component R25 0R
Added Member To Class: ClassName=Sam4s Hdrive pitch Member=Component R26 0R
Added Member To Class: ClassName=Sam4s Hdrive pitch Member=Component R27 0R
