Removed Pin From Net: NetName=GND Pin=Brake-4
Removed Pin From Net: NetName=NetC2_2 Pin=Clock-1
Removed Pin From Net: NetName=NetC1_2 Pin=Clock-2
Removed Pin From Net: NetName=NetU1_3 Pin=Wind ADC-1
Removed Pin From Net: NetName=NetU1_4 Pin=Wind ADC-2
Removed Pin From Net: NetName=NetU1_37 Pin=Wind PIO-1
Removed Pin From Net: NetName=NetU1_25 Pin=Wind PIO-2
Removed Pin From Net: NetName=NetU1_16 Pin=Yaw Encoder-1
Removed Pin From Net: NetName=NetU1_13 Pin=Yaw Encoder-2
Removed Pin From Net: NetName=NetU1_10 Pin=Yaw Encoder-3
Removed Pin From Net: NetName=NetU1_14 Pin=Yaw motor control-1
Removed Pin From Net: NetName=NetU1_11 Pin=Yaw motor control-2
Removed Member From Class: ClassName=Sam4S Basic Board 5 Member=Clock
Added Component: Designator=C18(RAD-0.3)
Added Component: Designator=C19(RAD-0.3)
Added Component: Designator=D3(DIOM4227X23N)
Added Component: Designator=Input power(HDR1X2)
Added Component: Designator=L1(0402-A)
Added Component: Designator=Output power(HDR1X2)
Added Component: Designator=Q1(E3)
Added Component: Designator=Y1(6.0X3.5-4)
Added Pin To Net: NetName=NetC2_2 Pin=Y1-1
Added Pin To Net: NetName=NetC1_2 Pin=Y1-3
Added Pin To Net: NetName=NetC18_1 Pin=C18-1
Added Pin To Net: NetName=NetC18_1 Pin=Input power-1
Added Pin To Net: NetName=NetC18_1 Pin=Q1-3
Added Net: Name=NetC18_1
Added Pin To Net: NetName=NetC18_2 Pin=C18-2
Added Pin To Net: NetName=NetC18_2 Pin=Input power-2
Added Pin To Net: NetName=NetC18_2 Pin=L1-1
Added Net: Name=NetC18_2
Added Pin To Net: NetName=NetC19_1 Pin=C19-1
Added Pin To Net: NetName=NetC19_1 Pin=D3-2
Added Pin To Net: NetName=NetC19_1 Pin=Output power-2
Added Pin To Net: NetName=NetC19_1 Pin=Q1-1
Added Net: Name=NetC19_1
Added Pin To Net: NetName=NetC19_2 Pin=C19-2
Added Pin To Net: NetName=NetC19_2 Pin=D3-1
Added Pin To Net: NetName=NetC19_2 Pin=L1-2
Added Pin To Net: NetName=NetC19_2 Pin=Output power-1
Added Net: Name=NetC19_2
Added Pin To Net: NetName=NetQ1_2 Pin=Q1-2
Added Pin To Net: NetName=NetQ1_2 Pin=U1-52
Added Net: Name=NetQ1_2
Added Pin To Net: NetName=NetU1_5 Pin=U1-5
Added Net: Name=NetU1_5
Added Pin To Net: NetName=NetU1_15 Pin=U1-15
Added Net: Name=NetU1_15
Added Pin To Net: NetName=NetU1_19 Pin=U1-19
Added Net: Name=NetU1_19
Added Pin To Net: NetName=NetU1_20 Pin=U1-20
Added Net: Name=NetU1_20
Added Pin To Net: NetName=NetU1_23 Pin=U1-23
Added Net: Name=NetU1_23
Added Pin To Net: NetName=NetU1_38 Pin=U1-38
Added Net: Name=NetU1_38
Added Pin To Net: NetName=NetU1_41 Pin=U1-41
Added Net: Name=NetU1_41
Added Pin To Net: NetName=NetU1_42 Pin=U1-42
Added Net: Name=NetU1_42
Added Class: Name=Sam4S Buck board
Added Member To Class: ClassName=Sam4S Basic Board 5 Member=Component Y1 12MHz
Added Room: Name=Sam4S Basic Board 5
Added Room: Name=Sam4S Buck board
Added Room: Name=Sam4S Power Distribution_5
