Removed Pin From Net: NetName=NetC19_1 Pin=Q1-1
Removed Pin From Net: NetName=NetC18_1 Pin=Q1-3
Removed Pin From Net: NetName=+3V3 Pin=U1-1
Removed Pin From Net: NetName=GND Pin=U1-2
Removed Pin From Net: NetName=NetU1_3 Pin=U1-3
Removed Pin From Net: NetName=NetU1_4 Pin=U1-4
Removed Pin From Net: NetName=NetU1_5 Pin=U1-5
Removed Pin From Net: NetName=NetU1_6 Pin=U1-6
Removed Pin From Net: NetName=+3V3 Pin=U1-7
Removed Pin From Net: NetName=VDDOUT Pin=U1-8
Removed Pin From Net: NetName=NetU1_9 Pin=U1-9
Removed Pin From Net: NetName=NetU1_10 Pin=U1-10
Removed Pin From Net: NetName=NetU1_11 Pin=U1-11
Removed Pin From Net: NetName=VDDOUT Pin=U1-12
Removed Pin From Net: NetName=NetU1_13 Pin=U1-13
Removed Pin From Net: NetName=NetU1_14 Pin=U1-14
Removed Pin From Net: NetName=NetU1_15 Pin=U1-15
Removed Pin From Net: NetName=NetU1_16 Pin=U1-16
Removed Pin From Net: NetName=GND Pin=U1-17
Removed Pin From Net: NetName=+3V3 Pin=U1-18
Removed Pin From Net: NetName=NetU1_19 Pin=U1-19
Removed Pin From Net: NetName=NetU1_20 Pin=U1-20
Removed Pin From Net: NetName=NetU1_23 Pin=U1-23
Removed Pin From Net: NetName=VDDOUT Pin=U1-24
Removed Pin From Net: NetName=NetU1_25 Pin=U1-25
Removed Pin From Net: NetName=NetR3_1 Pin=U1-26
Removed Pin From Net: NetName=NetTP_pin_PA11_1 Pin=U1-28
Removed Pin From Net: NetName=NetR7_2 Pin=U1-31
Removed Pin From Net: NetName=TDI Pin=U1-33
Removed Pin From Net: NetName=USB DETECT Pin=U1-35
Removed Pin From Net: NetName=SCL Pin=U1-36
Removed Pin From Net: NetName=NetU1_37 Pin=U1-37
Removed Pin From Net: NetName=NetU1_38 Pin=U1-38
Removed Pin From Net: NetName=NRST Pin=U1-39
Removed Pin From Net: NetName=GND Pin=U1-40
Removed Pin From Net: NetName=NetU1_41 Pin=U1-41
Removed Pin From Net: NetName=NetU1_42 Pin=U1-42
Removed Pin From Net: NetName=SDA Pin=U1-43
Removed Pin From Net: NetName=LED3 Pin=U1-44
Removed Pin From Net: NetName=+3V3 Pin=U1-45
Removed Pin From Net: NetName=GND Pin=U1-46
Removed Pin From Net: NetName=LED2 Pin=U1-47
Removed Pin From Net: NetName=LED1 Pin=U1-48
Removed Pin From Net: NetName=TDO Pin=U1-49
Removed Pin From Net: NetName=GND Pin=U1-50
Removed Pin From Net: NetName=TMS Pin=U1-51
Removed Pin From Net: NetName=TCK Pin=U1-53
Removed Pin From Net: NetName=VDDOUT Pin=U1-54
Removed Pin From Net: NetName=ERASE Pin=U1-55
Removed Pin From Net: NetName=NetR6_2 Pin=U1-56
Removed Pin From Net: NetName=NetR5_2 Pin=U1-57
Removed Pin From Net: NetName=+3V3 Pin=U1-58
Removed Pin From Net: NetName=GND Pin=U1-60
Removed Pin From Net: NetName=NetC2_2 Pin=U1-61
Removed Pin From Net: NetName=NetC1_2 Pin=U1-62
Removed Pin From Net: NetName=NetC15_2 Pin=U1-64
Change Component DesignItemId : Designator=Q1 Old DesignItemId=MOSFET-P New DesignItemId=TM_ZXM61N02FTA
Change Component DesignItemId : Designator=U1 Old DesignItemId=SE_ATSAM4S16BA-MU New DesignItemId=STP140NF75
Change Component Footprint: Designator=Q1 Old Footprint=E3 New Footprint=SOT23_L
Change Component Footprint: Designator=U1 Old Footprint=LQFP64_L New Footprint=TO-220
Change Component Comment : Designator=U1 Old Comment=ATSAM4S8BA-ANR New Comment=STP140NF75
Change Component Comment : Designator=Q1 Old Comment=MOSFET-P New Comment=ZXM61N02FTA
Added Component: Designator=*(PCBComponent_1 - duplicate)
Added Component: Designator=U1(LQFP64_L)
Added Pin To Net: NetName=+3V3 Pin=U1-1
Added Pin To Net: NetName=GND Pin=U1-2
Added Pin To Net: NetName=NetC18_1 Pin=U1-2
Added Pin To Net: NetName=NetC19_1 Pin=U1-3
Added Pin To Net: NetName=NetU1_3 Pin=U1-3
Added Pin To Net: NetName=NetU1_4 Pin=U1-4
Added Pin To Net: NetName=NetU1_5 Pin=U1-5
Added Pin To Net: NetName=NetU1_6 Pin=U1-6
Added Pin To Net: NetName=NetU1_9 Pin=U1-9
Added Pin To Net: NetName=NetU1_10 Pin=U1-10
Added Pin To Net: NetName=NetU1_11 Pin=U1-11
Added Pin To Net: NetName=NetU1_13 Pin=U1-13
Added Pin To Net: NetName=NetU1_14 Pin=U1-14
Added Pin To Net: NetName=NetU1_15 Pin=U1-15
Added Pin To Net: NetName=NetU1_16 Pin=U1-16
Added Pin To Net: NetName=NetU1_19 Pin=U1-19
Added Pin To Net: NetName=NetU1_20 Pin=U1-20
Added Pin To Net: NetName=NetU1_23 Pin=U1-23
Added Pin To Net: NetName=NetU1_25 Pin=U1-25
Added Pin To Net: NetName=NetR3_1 Pin=U1-26
Added Pin To Net: NetName=NetTP_pin_PA11_1 Pin=U1-28
Added Pin To Net: NetName=NetR7_2 Pin=U1-31
Added Pin To Net: NetName=TDI Pin=U1-33
Added Pin To Net: NetName=USB DETECT Pin=U1-35
Added Pin To Net: NetName=SCL Pin=U1-36
Added Pin To Net: NetName=NetU1_37 Pin=U1-37
Added Pin To Net: NetName=NetU1_38 Pin=U1-38
Added Pin To Net: NetName=NRST Pin=U1-39
Added Pin To Net: NetName=GND Pin=U1-40
Added Pin To Net: NetName=NetU1_41 Pin=U1-41
Added Pin To Net: NetName=NetU1_42 Pin=U1-42
Added Pin To Net: NetName=SDA Pin=U1-43
Added Pin To Net: NetName=LED3 Pin=U1-44
Added Pin To Net: NetName=LED2 Pin=U1-47
Added Pin To Net: NetName=LED1 Pin=U1-48
Added Pin To Net: NetName=TDO Pin=U1-49
Added Pin To Net: NetName=GND Pin=U1-50
Added Pin To Net: NetName=TMS Pin=U1-51
Added Pin To Net: NetName=TCK Pin=U1-53
Added Pin To Net: NetName=ERASE Pin=U1-55
Added Pin To Net: NetName=NetR6_2 Pin=U1-56
Added Pin To Net: NetName=NetR5_2 Pin=U1-57
Added Pin To Net: NetName=NetC2_2 Pin=U1-61
Added Pin To Net: NetName=NetC1_2 Pin=U1-62
Added Pin To Net: NetName=5V Pin=Q1-2
Added Net: Name=5V
Added Pin To Net: NetName=NetQ1_1 Pin=Q1-1
Added Pin To Net: NetName=NetQ1_1 Pin=U1-52
Added Net: Name=NetQ1_1
Added Pin To Net: NetName=NetQ1_3 Pin=Q1-3
Added Pin To Net: NetName=NetQ1_3 Pin=U1-1
Added Net: Name=NetQ1_3
Added Member To Class: ClassName=Sam4S Buck board Member=Component * Diode(GP2D)
Added Member To Class: ClassName=Sam4S Buck board Member=Component U1 STP140NF75
Added Room: Name=Sam4S Basic Board 5
Added Room: Name=Sam4S Buck board
Added Room: Name=Sam4S Power Distribution_5
